  dllmain.cpp
C:\Users\olsud\source\repos\Velo_UI\Keys.hpp(1,9): warning C4068: unknown pragma 'onces'
  (compiling source file 'dllmain.cpp')
  
C:\Users\olsud\source\repos\Velo_UI\Keys.hpp(187,37): warning C4305: 'return': truncation from 'int' to 'uint8_t'
  (compiling source file 'dllmain.cpp')
  
C:\Users\olsud\source\repos\Velo_UI\Keys.hpp(187,37): warning C4309: 'return': truncation of constant value
  (compiling source file 'dllmain.cpp')
  
C:\Users\olsud\source\repos\Velo_UI\Keys.hpp(478,3): warning C4838: conversion from 'int' to 'const uint8_t' requires a narrowing conversion
  (compiling source file 'dllmain.cpp')
  
C:\Users\olsud\source\repos\Velo_UI\Keys.hpp(478,3): warning C4305: 'initializing': truncation from 'int' to 'const uint8_t'
  (compiling source file 'dllmain.cpp')
  
C:\Users\olsud\source\repos\Velo_UI\Keys.hpp(478,3): warning C4309: 'initializing': truncation of constant value
  (compiling source file 'dllmain.cpp')
  
C:\Users\olsud\source\repos\Velo_UI\Packing.hpp(28,12): warning C4244: '=': conversion from 'float' to 'int', possible loss of data
  (compiling source file 'dllmain.cpp')
  
C:\Users\olsud\source\repos\Velo_UI\Packing.hpp(31,26): warning C4244: 'argument': conversion from 'int' to 'float', possible loss of data
  (compiling source file 'dllmain.cpp')
  
C:\Users\olsud\source\repos\Velo_UI\Packing.hpp(31,21): warning C4244: 'argument': conversion from 'int' to 'float', possible loss of data
  (compiling source file 'dllmain.cpp')
  
C:\Users\olsud\source\repos\Velo_UI\Packing.hpp(34,39): warning C4244: 'argument': conversion from 'int' to 'float', possible loss of data
  (compiling source file 'dllmain.cpp')
  
C:\Users\olsud\source\repos\Velo_UI\Packing.hpp(33,38): warning C4244: 'argument': conversion from 'int' to 'float', possible loss of data
  (compiling source file 'dllmain.cpp')
  
C:\Users\olsud\source\repos\Velo_UI\Packing.hpp(39,20): warning C4244: '=': conversion from 'float' to 'int', possible loss of data
  (compiling source file 'dllmain.cpp')
  
C:\Users\olsud\source\repos\Velo_UI\Packing.hpp(40,21): warning C4244: '=': conversion from 'float' to 'int', possible loss of data
  (compiling source file 'dllmain.cpp')
  
C:\Users\olsud\source\repos\Velo_UI\Packing.hpp(42,19): warning C4244: '=': conversion from 'float' to 'int', possible loss of data
  (compiling source file 'dllmain.cpp')
  
C:\Users\olsud\source\repos\Velo_UI\Packing.hpp(43,12): warning C4244: '=': conversion from 'float' to 'int', possible loss of data
  (compiling source file 'dllmain.cpp')
  
C:\Users\olsud\source\repos\Velo_UI\Packing.hpp(46,26): warning C4244: 'argument': conversion from 'int' to 'float', possible loss of data
  (compiling source file 'dllmain.cpp')
  
C:\Users\olsud\source\repos\Velo_UI\Packing.hpp(46,21): warning C4244: 'argument': conversion from 'int' to 'float', possible loss of data
  (compiling source file 'dllmain.cpp')
  
C:\Users\olsud\source\repos\Velo_UI\Packing.hpp(49,39): warning C4244: 'argument': conversion from 'int' to 'float', possible loss of data
  (compiling source file 'dllmain.cpp')
  
C:\Users\olsud\source\repos\Velo_UI\Packing.hpp(48,38): warning C4244: 'argument': conversion from 'int' to 'float', possible loss of data
  (compiling source file 'dllmain.cpp')
  
C:\Users\olsud\source\repos\Velo_UI\Setting.hpp(1245,1): warning C4554: '<<': check operator precedence for possible error; use parentheses to clarify precedence
  (compiling source file 'dllmain.cpp')
  
C:\Users\olsud\source\repos\Velo_UI\App.hpp(287,21): warning C4018: '<': signed/unsigned mismatch
  (compiling source file 'dllmain.cpp')
  
  imgui.cpp
  imgui_demo.cpp
  imgui_draw.cpp
  imgui_impl_dx11.cpp
  imgui_impl_dx9.cpp
  imgui_impl_opengl3.cpp
  imgui_impl_sdl2.cpp
  imgui_impl_win32.cpp
  imgui_tables.cpp
  imgui_widgets.cpp
     Creating library C:\Users\olsud\source\repos\Velo_UI\Release\Velo_UI.lib and object C:\Users\olsud\source\repos\Velo_UI\Release\Velo_UI.exp
  Generating code
  Previous IPDB not found, fall back to full compilation.
  All 4324 functions were compiled because no usable IPDB/IOBJ from previous compilation was found.
  Finished generating code
  Velo_UI.vcxproj -> C:\Users\olsud\source\repos\Velo_UI\Release\Velo_UI.dll
